2024-02-25 09:26:17.867 [info] Reading sessions from keychain...
2024-02-25 09:26:17.867 [info] Getting sessions for all scopes...
2024-02-25 09:26:17.867 [info] Got stored sessions!
2024-02-25 09:26:17.867 [info] Got 1 verified sessions.
2024-02-25 09:26:17.867 [info] Got 1 sessions for ...
2024-02-25 09:26:17.867 [info] Getting sessions for read:user,repo,user:email,workflow...
2024-02-25 09:26:17.867 [info] Got 1 sessions for read:user,repo,user:email,workflow...
2024-02-25 09:26:17.986 [info] Getting sessions for all scopes...
2024-02-25 09:26:17.986 [info] Got 1 sessions for ...
2024-02-25 09:26:18.385 [info] Getting sessions for read:user,repo,user:email,workflow...
2024-02-25 09:26:18.385 [info] Got 1 sessions for read:user,repo,user:email,workflow...
2024-02-25 09:26:59.819 [info] Reading sessions from keychain...
2024-02-25 09:26:59.819 [info] Getting sessions for all scopes...
2024-02-25 09:26:59.819 [info] Got stored sessions!
2024-02-25 09:26:59.819 [info] Got 1 verified sessions.
2024-02-25 09:26:59.819 [info] Got 1 sessions for ...
2024-02-25 09:26:59.819 [info] Getting sessions for read:user,repo,user:email,workflow...
2024-02-25 09:26:59.819 [info] Got 1 sessions for read:user,repo,user:email,workflow...
2024-02-25 09:27:00.273 [info] Getting sessions for read:user,repo,user:email,workflow...
2024-02-25 09:27:00.273 [info] Got 1 sessions for read:user,repo,user:email,workflow...
2024-02-25 09:27:00.285 [info] Getting sessions for all scopes...
2024-02-25 09:27:00.285 [info] Got 1 sessions for ...
