2024-02-24 15:25:54.072 [info] Log level: Info
2024-02-24 15:25:54.072 [info] Validating found git in: "git"
2024-02-24 15:25:54.072 [info] Using git "2.43.0" from "git"
2024-02-24 15:25:54.072 [info] > git rev-parse --show-toplevel [22ms]
2024-02-24 15:25:54.072 [info] > git rev-parse --git-dir --git-common-dir [12ms]
2024-02-24 15:25:54.072 [info] Open repository: /home/dhiraj/Workspace/Assessment/assessment
2024-02-24 15:25:54.183 [info] > git rev-parse --show-toplevel [73ms]
2024-02-24 15:25:54.188 [info] > git config --get commit.template [94ms]
2024-02-24 15:25:54.472 [info] > git rev-parse --show-toplevel [70ms]
2024-02-24 15:25:54.530 [info] > git for-each-ref --format=%(refname)%00%(upstream:short)%00%(objectname)%00%(upstream:track)%00%(upstream:remotename)%00%(upstream:remoteref) refs/heads/master refs/remotes/master [66ms]
2024-02-24 15:25:54.540 [info] > git rev-parse --show-toplevel [17ms]
2024-02-24 15:25:54.589 [info] > git rev-parse --show-toplevel [24ms]
2024-02-24 15:25:54.612 [info] > git status -z -uall [25ms]
2024-02-24 15:25:54.642 [info] > git rev-parse --show-toplevel [31ms]
2024-02-24 15:25:54.667 [info] > git config --get commit.template [5ms]
2024-02-24 15:25:54.724 [info] > git for-each-ref --format=%(refname)%00%(upstream:short)%00%(objectname)%00%(upstream:track)%00%(upstream:remotename)%00%(upstream:remoteref) refs/heads/master refs/remotes/master [27ms]
2024-02-24 15:25:54.760 [info] > git status -z -uall [3ms]
2024-02-24 15:25:54.958 [info] > git check-ignore -v -z --stdin [4ms]
2024-02-24 15:25:57.167 [info] > git show --textconv :README.md [39ms]
2024-02-24 15:25:57.212 [info] > git ls-files --stage -- /home/dhiraj/Workspace/Assessment/assessment/README.md [45ms]
2024-02-24 15:26:10.583 [info] > git config --get commit.template [11ms]
2024-02-24 15:26:10.584 [info] > git for-each-ref --format=%(refname)%00%(upstream:short)%00%(objectname)%00%(upstream:track)%00%(upstream:remotename)%00%(upstream:remoteref) refs/heads/master refs/remotes/master [3ms]
2024-02-24 15:26:10.597 [info] > git status -z -uall [3ms]
2024-02-24 15:26:27.626 [info] > git check-ignore -v -z --stdin [2ms]
2024-02-24 15:26:28.154 [info] > git config --get commit.template [12ms]
2024-02-24 15:26:28.155 [info] > git for-each-ref --format=%(refname)%00%(upstream:short)%00%(objectname)%00%(upstream:track)%00%(upstream:remotename)%00%(upstream:remoteref) refs/heads/master refs/remotes/master [2ms]
2024-02-24 15:26:28.170 [info] > git status -z -uall [3ms]
2024-02-24 15:40:03.668 [info] > git config --get commit.template [2ms]
2024-02-24 15:40:03.682 [info] > git for-each-ref --format=%(refname)%00%(upstream:short)%00%(objectname)%00%(upstream:track)%00%(upstream:remotename)%00%(upstream:remoteref) refs/heads/master refs/remotes/master [3ms]
2024-02-24 15:40:03.699 [info] > git status -z -uall [5ms]
2024-02-24 15:40:13.475 [info] > git config --get commit.template [12ms]
2024-02-24 15:40:13.476 [info] > git for-each-ref --format=%(refname)%00%(upstream:short)%00%(objectname)%00%(upstream:track)%00%(upstream:remotename)%00%(upstream:remoteref) refs/heads/master refs/remotes/master [2ms]
2024-02-24 15:40:13.490 [info] > git status -z -uall [3ms]
2024-02-24 15:40:14.582 [info] > git ls-files --stage -- /home/dhiraj/Workspace/Assessment/assessment/README.md [2ms]
2024-02-24 15:40:14.595 [info] > git show --textconv :README.md [3ms]
2024-02-24 15:42:19.597 [info] > git check-ignore -v -z --stdin [2ms]
2024-02-24 15:42:31.236 [info] > git show --textconv :.gitignore [12ms]
2024-02-24 15:42:31.238 [info] > git ls-files --stage -- /home/dhiraj/Workspace/Assessment/assessment/.gitignore [2ms]
2024-02-24 15:42:31.252 [info] > git cat-file -s 4bb4026a2195e92e237f7963c301b6ac3f856fb8 [3ms]
2024-02-24 15:42:43.951 [info] > git check-ignore -v -z --stdin [2ms]
2024-02-24 15:42:44.407 [info] > git config --get commit.template [13ms]
2024-02-24 15:42:44.408 [info] > git for-each-ref --format=%(refname)%00%(upstream:short)%00%(objectname)%00%(upstream:track)%00%(upstream:remotename)%00%(upstream:remoteref) refs/heads/master refs/remotes/master [2ms]
2024-02-24 15:42:44.424 [info] > git status -z -uall [3ms]
2024-02-24 15:42:58.529 [info] > git show --textconv :screenshots [10ms]
2024-02-24 15:42:58.532 [info] > git ls-files --stage -- /home/dhiraj/Workspace/Assessment/assessment/screenshots [4ms]
2024-02-24 15:42:58.779 [info] > git check-ignore -v -z --stdin [3ms]
2024-02-24 15:42:59.368 [info] > git config --get commit.template [14ms]
2024-02-24 15:42:59.370 [info] > git for-each-ref --format=%(refname)%00%(upstream:short)%00%(objectname)%00%(upstream:track)%00%(upstream:remotename)%00%(upstream:remoteref) refs/heads/master refs/remotes/master [3ms]
2024-02-24 15:42:59.387 [info] > git status -z -uall [4ms]
2024-02-24 15:43:04.048 [info] > git show --textconv :.gitignore [14ms]
2024-02-24 15:43:04.050 [info] > git ls-files --stage -- /home/dhiraj/Workspace/Assessment/assessment/.gitignore [3ms]
2024-02-24 15:43:04.060 [info] > git cat-file -s 4bb4026a2195e92e237f7963c301b6ac3f856fb8 [2ms]
2024-02-24 15:43:04.869 [info] > git config --get commit.template [13ms]
2024-02-24 15:43:04.870 [info] > git for-each-ref --format=%(refname)%00%(upstream:short)%00%(objectname)%00%(upstream:track)%00%(upstream:remotename)%00%(upstream:remoteref) refs/heads/master refs/remotes/master [3ms]
2024-02-24 15:43:04.884 [info] > git status -z -uall [4ms]
2024-02-24 15:43:09.912 [info] > git config --get commit.template [10ms]
2024-02-24 15:43:09.914 [info] > git for-each-ref --format=%(refname)%00%(upstream:short)%00%(objectname)%00%(upstream:track)%00%(upstream:remotename)%00%(upstream:remoteref) refs/heads/master refs/remotes/master [5ms]
2024-02-24 15:43:09.928 [info] > git status -z -uall [3ms]
2024-02-24 15:43:21.034 [info] > git check-ignore -v -z --stdin [2ms]
2024-02-24 15:43:21.590 [info] > git config --get commit.template [16ms]
2024-02-24 15:43:21.591 [info] > git for-each-ref --format=%(refname)%00%(upstream:short)%00%(objectname)%00%(upstream:track)%00%(upstream:remotename)%00%(upstream:remoteref) refs/heads/master refs/remotes/master [3ms]
2024-02-24 15:43:21.622 [info] > git status -z -uall [6ms]
2024-02-24 15:44:02.486 [info] > git check-ignore -v -z --stdin [2ms]
2024-02-24 15:44:03.051 [info] > git config --get commit.template [12ms]
2024-02-24 15:44:03.052 [info] > git for-each-ref --format=%(refname)%00%(upstream:short)%00%(objectname)%00%(upstream:track)%00%(upstream:remotename)%00%(upstream:remoteref) refs/heads/master refs/remotes/master [3ms]
2024-02-24 15:44:03.066 [info] > git status -z -uall [5ms]
2024-02-24 15:46:00.778 [info] > git check-ignore -v -z --stdin [3ms]
2024-02-24 15:46:01.407 [info] > git config --get commit.template [11ms]
2024-02-24 15:46:01.408 [info] > git for-each-ref --format=%(refname)%00%(upstream:short)%00%(objectname)%00%(upstream:track)%00%(upstream:remotename)%00%(upstream:remoteref) refs/heads/master refs/remotes/master [2ms]
2024-02-24 15:46:01.421 [info] > git status -z -uall [3ms]
2024-02-24 15:46:08.193 [info] > git config --get commit.template [10ms]
2024-02-24 15:46:08.194 [info] > git for-each-ref --format=%(refname)%00%(upstream:short)%00%(objectname)%00%(upstream:track)%00%(upstream:remotename)%00%(upstream:remoteref) refs/heads/master refs/remotes/master [2ms]
2024-02-24 15:46:08.207 [info] > git status -z -uall [3ms]
2024-02-24 15:46:09.373 [info] > git merge-base refs/heads/master refs/remotes/origin/master [7ms]
2024-02-24 15:46:09.394 [info] > git rev-list --count --left-right refs/heads/master...refs/remotes/origin/master [3ms]
2024-02-24 15:46:30.089 [info] > git add -A -- . [94ms]
2024-02-24 15:46:30.126 [info] > git -c user.useConfigOnly=true commit --quiet --allow-empty-message --file - [22ms]
2024-02-24 15:46:30.144 [info] > git config --get commit.template [2ms]
2024-02-24 15:46:30.171 [info] > git config --get commit.template [3ms]
2024-02-24 15:46:30.186 [info] > git for-each-ref --format=%(refname)%00%(upstream:short)%00%(objectname)%00%(upstream:track)%00%(upstream:remotename)%00%(upstream:remoteref) refs/heads/master refs/remotes/master [4ms]
2024-02-24 15:46:30.202 [info] > git status -z -uall [5ms]
2024-02-24 15:46:30.248 [info] > git merge-base refs/heads/master refs/remotes/origin/master [3ms]
2024-02-24 15:46:30.294 [info] > git rev-list --count --left-right refs/heads/master...refs/remotes/origin/master [31ms]
2024-02-24 15:46:30.307 [info] > git config --get commit.template [13ms]
2024-02-24 15:46:30.334 [info] > git for-each-ref --format=%(refname)%00%(upstream:short)%00%(objectname)%00%(upstream:track)%00%(upstream:remotename)%00%(upstream:remoteref) refs/heads/master refs/remotes/master [7ms]
2024-02-24 15:46:30.359 [info] > git status -z -uall [4ms]
2024-02-24 15:46:33.390 [info] > git log --oneline --cherry master...master@{upstream} -- [3ms]
2024-02-24 15:46:33.957 [info] > git pull --tags origin master [553ms]
2024-02-24 15:46:33.957 [info] From https://github.com/Dhirajraje/fyn-assessment
 * branch            master     -> FETCH_HEAD
2024-02-24 15:46:37.025 [info] > git push origin master:master [3058ms]
2024-02-24 15:46:37.025 [info] To https://github.com/Dhirajraje/fyn-assessment.git
   5436138..102a0a0  master -> master
2024-02-24 15:46:37.048 [info] > git config --get commit.template [11ms]
2024-02-24 15:46:37.051 [info] > git for-each-ref --format=%(refname)%00%(upstream:short)%00%(objectname)%00%(upstream:track)%00%(upstream:remotename)%00%(upstream:remoteref) refs/heads/master refs/remotes/master [5ms]
2024-02-24 15:46:37.063 [info] > git status -z -uall [3ms]
2024-02-24 15:46:37.090 [info] > git merge-base refs/heads/master refs/remotes/origin/master [2ms]
2024-02-24 15:46:37.108 [info] > git rev-list --count --left-right refs/heads/master...refs/remotes/origin/master [2ms]
2024-02-24 15:46:38.194 [info] > git config --get commit.template [13ms]
2024-02-24 15:46:38.195 [info] > git for-each-ref --format=%(refname)%00%(upstream:short)%00%(objectname)%00%(upstream:track)%00%(upstream:remotename)%00%(upstream:remoteref) refs/heads/master refs/remotes/master [3ms]
2024-02-24 15:46:38.209 [info] > git status -z -uall [3ms]
2024-02-24 15:49:39.735 [info] > git check-ignore -v -z --stdin [5ms]
2024-02-24 15:49:44.469 [info] > git check-ignore -v -z --stdin [4ms]
2024-02-24 15:49:45.177 [info] > git show --textconv :assessment-fe/src/pages/login.tsx [312ms]
2024-02-24 15:49:45.178 [info] > git ls-files --stage -- /home/dhiraj/Workspace/Assessment/assessment/assessment-fe/src/pages/login.tsx [294ms]
2024-02-24 15:49:45.199 [info] > git cat-file -s 613ecb74ae16c7ad1324876c78766ef666b24a44 [4ms]
2024-02-24 15:50:34.275 [info] > git config --get commit.template [20ms]
2024-02-24 15:50:34.281 [info] > git for-each-ref --format=%(refname)%00%(upstream:short)%00%(objectname)%00%(upstream:track)%00%(upstream:remotename)%00%(upstream:remoteref) refs/heads/master refs/remotes/master [8ms]
2024-02-24 15:50:34.299 [info] > git status -z -uall [3ms]
2024-02-24 15:51:03.221 [info] > git check-ignore -v -z --stdin [3ms]
2024-02-24 15:51:20.300 [info] > git config --get commit.template [11ms]
2024-02-24 15:51:20.302 [info] > git for-each-ref --format=%(refname)%00%(upstream:short)%00%(objectname)%00%(upstream:track)%00%(upstream:remotename)%00%(upstream:remoteref) refs/heads/master refs/remotes/master [3ms]
2024-02-24 15:51:20.315 [info] > git status -z -uall [2ms]
2024-02-24 15:57:44.350 [info] > git show --textconv :README.md [14ms]
2024-02-24 15:57:44.357 [info] > git ls-files --stage -- /home/dhiraj/Workspace/Assessment/assessment/README.md [7ms]
2024-02-24 15:57:44.370 [info] > git cat-file -s e69de29bb2d1d6434b8b29ae775ad8c2e48c5391 [2ms]
2024-02-24 15:57:48.607 [info] > git config --get commit.template [13ms]
2024-02-24 15:57:48.609 [info] > git for-each-ref --format=%(refname)%00%(upstream:short)%00%(objectname)%00%(upstream:track)%00%(upstream:remotename)%00%(upstream:remoteref) refs/heads/master refs/remotes/master [4ms]
2024-02-24 15:57:48.623 [info] > git status -z -uall [5ms]
2024-02-24 15:58:17.234 [info] > git add -A -- . [29ms]
2024-02-24 15:58:17.265 [info] > git -c user.useConfigOnly=true commit --quiet --allow-empty-message --file - [14ms]
2024-02-24 15:58:17.281 [info] > git config --get commit.template [2ms]
2024-02-24 15:58:17.314 [info] > git config --get commit.template [18ms]
2024-02-24 15:58:17.320 [info] > git for-each-ref --format=%(refname)%00%(upstream:short)%00%(objectname)%00%(upstream:track)%00%(upstream:remotename)%00%(upstream:remoteref) refs/heads/master refs/remotes/master [7ms]
2024-02-24 15:58:17.340 [info] > git status -z -uall [5ms]
2024-02-24 15:58:17.377 [info] > git merge-base refs/heads/master refs/remotes/origin/master [4ms]
2024-02-24 15:58:17.412 [info] > git rev-list --count --left-right refs/heads/master...refs/remotes/origin/master [18ms]
2024-02-24 15:58:17.416 [info] > git config --get commit.template [4ms]
2024-02-24 15:58:17.433 [info] > git for-each-ref --format=%(refname)%00%(upstream:short)%00%(objectname)%00%(upstream:track)%00%(upstream:remotename)%00%(upstream:remoteref) refs/heads/master refs/remotes/master [3ms]
2024-02-24 15:58:17.451 [info] > git status -z -uall [3ms]
2024-02-24 15:58:18.531 [info] > git ls-files --stage -- /home/dhiraj/Workspace/Assessment/assessment/README.md [2ms]
2024-02-24 15:58:18.544 [info] > git cat-file -s fbe79ec0a316a519dd3ad949198f85f30fb9c6fa [2ms]
2024-02-24 15:58:18.560 [info] > git show --textconv :README.md [4ms]
2024-02-24 15:58:19.368 [info] > git log --oneline --cherry master...master@{upstream} -- [3ms]
2024-02-24 15:58:20.009 [info] > git pull --tags origin master [628ms]
2024-02-24 15:58:20.009 [info] From https://github.com/Dhirajraje/fyn-assessment
 * branch            master     -> FETCH_HEAD
2024-02-24 15:58:21.193 [info] > git ls-files --stage -- /home/dhiraj/Workspace/Assessment/assessment/README.md [3ms]
2024-02-24 15:58:21.205 [info] > git cat-file -s fbe79ec0a316a519dd3ad949198f85f30fb9c6fa [2ms]
2024-02-24 15:58:21.223 [info] > git show --textconv :README.md [3ms]
2024-02-24 15:58:22.213 [info] > git push origin master:master [2195ms]
2024-02-24 15:58:22.213 [info] To https://github.com/Dhirajraje/fyn-assessment.git
   102a0a0..7b56e19  master -> master
2024-02-24 15:58:22.246 [info] > git for-each-ref --format=%(refname)%00%(upstream:short)%00%(objectname)%00%(upstream:track)%00%(upstream:remotename)%00%(upstream:remoteref) refs/heads/master refs/remotes/master [6ms]
2024-02-24 15:58:22.247 [info] > git config --get commit.template [23ms]
2024-02-24 15:58:22.269 [info] > git status -z -uall [4ms]
2024-02-24 15:58:22.306 [info] > git merge-base refs/heads/master refs/remotes/origin/master [4ms]
2024-02-24 15:58:22.321 [info] > git rev-list --count --left-right refs/heads/master...refs/remotes/origin/master [3ms]
2024-02-24 15:58:23.332 [info] > git config --get commit.template [14ms]
2024-02-24 15:58:23.333 [info] > git for-each-ref --format=%(refname)%00%(upstream:short)%00%(objectname)%00%(upstream:track)%00%(upstream:remotename)%00%(upstream:remoteref) refs/heads/master refs/remotes/master [2ms]
2024-02-24 15:58:23.348 [info] > git status -z -uall [3ms]
2024-02-24 15:58:23.420 [info] > git ls-files --stage -- /home/dhiraj/Workspace/Assessment/assessment/README.md [2ms]
2024-02-24 15:58:23.432 [info] > git cat-file -s fbe79ec0a316a519dd3ad949198f85f30fb9c6fa [2ms]
2024-02-24 15:58:23.447 [info] > git show --textconv :README.md [2ms]
